<?xml version="1.0" encoding="UTF-8"?>
<!-- Generated by org.testng.reporters.JUnitReportReporter -->
<testsuite hostname="IN-PG01GE9Z" failures="0" tests="1" name="selenium.ServiceNowTesting" time="21.590" errors="0" timestamp="2024-05-10T00:12:04 EDT" skipped="0">
  <testcase classname="selenium.ServiceNowTesting" name="browser" time="21.590"/>
</testsuite> <!-- selenium.ServiceNowTesting -->
