<?xml version="1.0" encoding="UTF-8"?>
<!-- Generated by org.testng.reporters.JUnitReportReporter -->
<testsuite hostname="IN-PG01GE9Z" failures="0" tests="1" name="selenium.ServiceNow" time="98.716" errors="0" timestamp="2024-11-05T09:35:31 EST" skipped="0">
  <testcase classname="selenium.ServiceNow" name="browser" time="98.716"/>
  <system-out/>
</testsuite> <!-- selenium.ServiceNow -->
