<?xml version="1.0" encoding="UTF-8"?>
<!-- Generated by org.testng.reporters.JUnitReportReporter -->
<testsuite hostname="IN-PG01GE9Z" failures="0" tests="1" name="testCases.orderGuideNextPage" time="45.871" errors="0" timestamp="2024-08-26T14:28:18 EDT" skipped="0">
  <testcase classname="testCases.orderGuideNextPage" name="validatingUserIsAbleToFillDetailsAndSubmitInOrderGuideNextPage" time="45.871"/>
  <system-out/>
</testsuite> <!-- testCases.orderGuideNextPage -->
