<?xml version="1.0" encoding="UTF-8"?>
<!-- Generated by org.testng.reporters.JUnitReportReporter -->
<testsuite hostname="IN-PG01GE9Z" failures="0" tests="1" name="selenium.SeleniumBrokenLinks" time="10.649" errors="0" timestamp="2024-06-10T11:26:04 EDT" skipped="0">
  <testcase classname="selenium.SeleniumBrokenLinks" name="toolTip" time="10.649"/>
</testsuite> <!-- selenium.SeleniumBrokenLinks -->
