<?xml version="1.0" encoding="UTF-8"?>
<!-- Generated by org.testng.reporters.JUnitReportReporter -->
<testsuite hostname="IN-PG01GE9Z" failures="0" tests="1" name="selenium.SeleniumAutoSuggestions" time="30.154" errors="0" timestamp="2024-05-24T16:27:31 EDT" skipped="0">
  <testcase classname="selenium.SeleniumAutoSuggestions" name="browserLaunch" time="30.154"/>
</testsuite> <!-- selenium.SeleniumAutoSuggestions -->
