<?xml version="1.0" encoding="UTF-8"?>
<!-- Generated by org.testng.reporters.JUnitReportReporter -->
<testsuite hostname="IN-PG01GE9Z" failures="0" tests="1" name="selenium.SeleniumWebDriverManager1" time="20.291" errors="0" timestamp="2024-04-29T11:15:13 EDT" skipped="0">
  <testcase classname="selenium.SeleniumWebDriverManager1" name="login" time="20.291"/>
</testsuite> <!-- selenium.SeleniumWebDriverManager1 -->
