<?xml version="1.0" encoding="UTF-8"?>
<!-- Generated by org.testng.reporters.JUnitReportReporter -->
<testsuite hostname="IN-PG01GE9Z" failures="0" tests="1" name="selenium.SeleniumClass1" time="16.544" errors="0" timestamp="2024-04-24T23:15:51 EDT" skipped="0">
  <testcase classname="selenium.SeleniumClass1" name="browserLaunch" time="16.544"/>
</testsuite> <!-- selenium.SeleniumClass1 -->
