<?xml version="1.0" encoding="UTF-8"?>
<!-- Generated by org.testng.reporters.JUnitReportReporter -->
<testsuite hostname="IN-PG01GE9Z" failures="0" tests="4" name="TestNGAnnotations.SeleniumTestNGReportclass2" time="4.819" errors="0" timestamp="2024-07-10T10:38:57 EDT" skipped="0">
  <testcase classname="TestNGAnnotations.SeleniumTestNGReportclass2" name="driverSetup" time="3.374">
    <system-out>
      <![CDATA[The browser is opened]]>
    </system-out>
  </testcase> <!-- driverSetup -->
  <testcase classname="TestNGAnnotations.SeleniumTestNGReportclass2" name="getURL" time="1.228">
    <system-out>
      <![CDATA[The Google Site is Launched]]>
    </system-out>
  </testcase> <!-- getURL -->
  <testcase classname="TestNGAnnotations.SeleniumTestNGReportclass2" name="getTitle" time="0.014">
    <system-out>
      <![CDATA[Prints the web page title]]>
    </system-out>
  </testcase> <!-- getTitle -->
  <testcase classname="TestNGAnnotations.SeleniumTestNGReportclass2" name="closeBrowser" time="0.203">
    <system-out>
      <![CDATA[Close the driver]]>
    </system-out>
  </testcase> <!-- closeBrowser -->
  <system-out>
    <![CDATA[The browser is opened
The Google Site is Launched
Prints the web page title
Close the driver]]>
  </system-out>
</testsuite> <!-- TestNGAnnotations.SeleniumTestNGReportclass2 -->
