<?xml version="1.0" encoding="UTF-8"?>
<!-- Generated by org.testng.reporters.JUnitReportReporter -->
<testsuite hostname="IN-PG01GE9Z" failures="0" tests="1" name="selenium.SeleniumWindows" time="27.277" errors="0" timestamp="2024-06-04T16:18:43 EDT" skipped="0">
  <testcase classname="selenium.SeleniumWindows" name="alert" time="27.277"/>
</testsuite> <!-- selenium.SeleniumWindows -->
