<?xml version="1.0" encoding="UTF-8"?>
<!-- Generated by org.testng.reporters.JUnitReportReporter -->
<testsuite hostname="IN-PG01GE9Z" failures="0" tests="3" name="TestNGAnnotations.SeleniumTestNGParameters" time="19.253" errors="0" timestamp="2024-07-16T23:32:11 EDT" skipped="0">
  <testcase classname="TestNGAnnotations.SeleniumTestNGParameters" name="driverSetup" time="13.339"/>
  <testcase classname="TestNGAnnotations.SeleniumTestNGParameters" name="testParameterWithXML" time="5.452"/>
  <testcase classname="TestNGAnnotations.SeleniumTestNGParameters" name="closeBrowser" time="0.462"/>
</testsuite> <!-- TestNGAnnotations.SeleniumTestNGParameters -->
