<?xml version="1.0" encoding="UTF-8"?>
<!-- Generated by org.testng.reporters.JUnitReportReporter -->
<testsuite hostname="IN-PG01GE9Z" failures="0" tests="1" name="selenium.SeleniumDate" time="8.443" errors="0" timestamp="2024-06-16T20:41:40 EDT" skipped="0">
  <testcase classname="selenium.SeleniumDate" name="assetPortal" time="8.443"/>
</testsuite> <!-- selenium.SeleniumDate -->
