<?xml version="1.0" encoding="UTF-8"?>
<!-- Generated by org.testng.reporters.JUnitReportReporter -->
<testsuite hostname="IN-PG01GE9Z" failures="0" tests="1" name="TestNGAnnotations.SeleniumTestNGReportclass" time="34.583" errors="0" timestamp="2024-07-10T10:18:28 EDT" skipped="0">
  <testcase classname="TestNGAnnotations.SeleniumTestNGReportclass" name="testReport" time="34.583">
    <system-out>
      <![CDATA[Browser Opened
Browser Maximized
Application started
Application closed]]>
    </system-out>
  </testcase> <!-- testReport -->
  <system-out>
    <![CDATA[Browser Opened
Browser Maximized
Application started
Application closed]]>
  </system-out>
</testsuite> <!-- TestNGAnnotations.SeleniumTestNGReportclass -->
