<?xml version="1.0" encoding="UTF-8"?>
<!-- Generated by org.testng.reporters.JUnitReportReporter -->
<testsuite hostname="IN-PG01GE9Z" failures="0" tests="1" name="TestNGAnnotations.ServiceNowPropertiesFileRead" time="19.626" errors="0" timestamp="2024-07-16T23:43:48 EDT" skipped="0">
  <testcase classname="TestNGAnnotations.ServiceNowPropertiesFileRead" name="browser" time="19.626"/>
</testsuite> <!-- TestNGAnnotations.ServiceNowPropertiesFileRead -->
