<?xml version="1.0" encoding="UTF-8"?>
<!-- Generated by org.testng.reporters.JUnitReportReporter -->
<testsuite hostname="IN-PG01GE9Z" failures="0" tests="1" name="selenium.ServiceNow3_SendKeys" time="18.090" errors="0" timestamp="2024-05-25T21:04:13 EDT" skipped="0">
  <testcase classname="selenium.ServiceNow3_SendKeys" name="browser" time="18.090"/>
</testsuite> <!-- selenium.ServiceNow3_SendKeys -->
