<?xml version="1.0" encoding="UTF-8"?>
<!-- Generated by org.testng.reporters.JUnitReportReporter -->
<testsuite hostname="IN-PG01GE9Z" failures="0" tests="1" name="selenium.SeleniumClass2" time="13.268" errors="0" timestamp="2024-04-23T22:42:08 EDT" skipped="0">
  <testcase classname="selenium.SeleniumClass2" name="login" time="13.268"/>
</testsuite> <!-- selenium.SeleniumClass2 -->
