<?xml version="1.0" encoding="UTF-8"?>
<!-- Generated by org.testng.reporters.JUnitReportReporter -->
<testsuite hostname="IN-PG01GE9Z" failures="0" tests="1" name="selenium.ServiceNowAssetPortal" time="40.254" errors="0" timestamp="2024-06-17T15:58:42 EDT" skipped="0">
  <testcase classname="selenium.ServiceNowAssetPortal" name="assetPortal" time="40.254"/>
</testsuite> <!-- selenium.ServiceNowAssetPortal -->
