<?xml version="1.0" encoding="UTF-8"?>
<!-- Generated by org.testng.reporters.JUnitReportReporter -->
<testsuite hostname="IN-PG01GE9Z" failures="0" tests="1" name="selenium.SeleniumUploadDownload" time="16.680" errors="0" timestamp="2024-05-28T13:32:59 EDT" skipped="0">
  <testcase classname="selenium.SeleniumUploadDownload" name="browserLaunch" time="16.680"/>
</testsuite> <!-- selenium.SeleniumUploadDownload -->
