<?xml version="1.0" encoding="UTF-8"?>
<!-- Generated by org.testng.reporters.JUnitReportReporter -->
<testsuite hostname="IN-PG01GE9Z" failures="0" tests="1" name="selenium.SeleniumDynamicSuggestions" time="23.117" errors="0" timestamp="2024-05-29T23:31:07 EDT" skipped="0">
  <testcase classname="selenium.SeleniumDynamicSuggestions" name="browserLaunch" time="23.117"/>
</testsuite> <!-- selenium.SeleniumDynamicSuggestions -->
