<?xml version="1.0" encoding="UTF-8"?>
<!-- Generated by org.testng.reporters.JUnitReportReporter -->
<testsuite hostname="IN-PG01GE9Z" failures="0" tests="1" name="selenium.SeleniumActionsMouseKeyboard" time="5.143" errors="0" timestamp="2024-05-23T12:41:54 EDT" skipped="0">
  <testcase classname="selenium.SeleniumActionsMouseKeyboard" name="browserLaunch" time="5.143"/>
</testsuite> <!-- selenium.SeleniumActionsMouseKeyboard -->
