<?xml version="1.0" encoding="UTF-8"?>
<!-- Generated by org.testng.reporters.JUnitReportReporter -->
<testsuite hostname="IN-PG01GE9Z" failures="0" tests="2" name="TestNGAnnotations.SeleniumTestNG" time="0.020" errors="0" timestamp="2024-06-26T23:31:36 EDT" skipped="0">
  <testcase classname="TestNGAnnotations.SeleniumTestNG" name="verifyTest1" time="0.016"/>
  <testcase classname="TestNGAnnotations.SeleniumTestNG" name="verifyTest3" time="0.004"/>
</testsuite> <!-- TestNGAnnotations.SeleniumTestNG -->
