<?xml version="1.0" encoding="UTF-8"?>
<!-- Generated by org.testng.reporters.JUnitReportReporter -->
<testsuite hostname="IN-PG01GE9Z" failures="0" tests="1" name="selenium.Selenium_Xpath" time="10.954" errors="0" timestamp="2024-04-28T17:14:29 EDT" skipped="0">
  <testcase classname="selenium.Selenium_Xpath" name="browserLaunch" time="10.954"/>
</testsuite> <!-- selenium.Selenium_Xpath -->
