<?xml version="1.0" encoding="UTF-8"?>
<!-- Generated by org.testng.reporters.JUnitReportReporter -->
<testsuite hostname="IN-PG01GE9Z" failures="0" tests="1" name="selenium.SeleniumToolTip" time="4.279" errors="0" timestamp="2024-06-10T10:51:42 EDT" skipped="0">
  <testcase classname="selenium.SeleniumToolTip" name="toolTip" time="4.279"/>
</testsuite> <!-- selenium.SeleniumToolTip -->
