<?xml version="1.0" encoding="UTF-8"?>
<!-- Generated by org.testng.reporters.JUnitReportReporter -->
<testsuite hostname="IN-PG01GE9Z" failures="0" tests="1" name="selenium.SeleniumAlerts" time="35.137" errors="0" timestamp="2024-06-04T15:39:28 EDT" skipped="0">
  <testcase classname="selenium.SeleniumAlerts" name="alert" time="35.137"/>
</testsuite> <!-- selenium.SeleniumAlerts -->
