<?xml version="1.0" encoding="UTF-8"?>
<!-- Generated by org.testng.reporters.JUnitReportReporter -->
<testsuite hostname="IN-PG01GE9Z" failures="0" tests="1" name="testCases.loginPage" time="10.222" errors="0" timestamp="2024-08-19T13:44:13 EDT" skipped="0">
  <testcase classname="testCases.loginPage" name="validateUserIsAbletoLogin" time="10.222"/>
  <system-out/>
</testsuite> <!-- testCases.loginPage -->
