<?xml version="1.0" encoding="UTF-8"?>
<!-- Generated by org.testng.reporters.JUnitReportReporter -->
<testsuite hostname="IN-PG01GE9Z" failures="0" tests="5" name="TestNGAnnotations.SeleniumTestNG1" time="0.018" errors="0" timestamp="2024-06-27T12:54:02 EDT" skipped="0">
  <testcase classname="TestNGAnnotations.SeleniumTestNG1" name="b_method" time="0.010"/>
  <testcase classname="TestNGAnnotations.SeleniumTestNG1" name="c_method" time="0.003"/>
  <testcase classname="TestNGAnnotations.SeleniumTestNG1" name="e_method" time="0.001"/>
  <testcase classname="TestNGAnnotations.SeleniumTestNG1" name="a_method" time="0.002"/>
  <testcase classname="TestNGAnnotations.SeleniumTestNG1" name="d_method" time="0.002"/>
</testsuite> <!-- TestNGAnnotations.SeleniumTestNG1 -->
