<?xml version="1.0" encoding="UTF-8"?>
<!-- Generated by org.testng.reporters.JUnitReportReporter -->
<testsuite hostname="IN-PG01GE9Z" failures="0" tests="1" name="selenium.SeleniumJSexecutor" time="12.731" errors="0" timestamp="2024-04-30T11:51:13 EDT" skipped="0">
  <testcase classname="selenium.SeleniumJSexecutor" name="browserLogn" time="12.731"/>
</testsuite> <!-- selenium.SeleniumJSexecutor -->
