<?xml version="1.0" encoding="UTF-8"?>
<!-- Generated by org.testng.reporters.JUnitReportReporter -->
<testsuite hostname="IN-PG01GE9Z" failures="0" tests="1" name="selenium.SeleniumEOC" time="20.802" errors="0" timestamp="2024-06-21T17:15:21 EDT" skipped="0">
  <testcase classname="selenium.SeleniumEOC" name="eocSlushbucket" time="20.802"/>
</testsuite> <!-- selenium.SeleniumEOC -->
