<?xml version="1.0" encoding="UTF-8"?>
<!-- Generated by org.testng.reporters.JUnitReportReporter -->
<testsuite hostname="IN-PG01GE9Z" failures="0" tests="3" name="TestNGAnnotations.SeleniumTestNG3" time="0.020" errors="0" timestamp="2024-07-04T23:25:37 EDT" skipped="0">
  <testcase classname="TestNGAnnotations.SeleniumTestNG3" name="OpenBrowser" time="0.013"/>
  <testcase classname="TestNGAnnotations.SeleniumTestNG3" name="LogOut" time="0.004"/>
  <testcase classname="TestNGAnnotations.SeleniumTestNG3" name="SignIn" time="0.003"/>
</testsuite> <!-- TestNGAnnotations.SeleniumTestNG3 -->
