<?xml version="1.0" encoding="UTF-8"?>
<!-- Generated by org.testng.reporters.JUnitReportReporter -->
<testsuite hostname="IN-PG01GE9Z" failures="0" tests="1" name="selenium.SeleniumTable" time="18.408" errors="0" timestamp="2024-06-12T15:23:13 EDT" skipped="0">
  <testcase classname="selenium.SeleniumTable" name="tables" time="18.408"/>
</testsuite> <!-- selenium.SeleniumTable -->
