<?xml version="1.0" encoding="UTF-8"?>
<!-- Generated by org.testng.reporters.JUnitReportReporter -->
<testsuite hostname="IN-PG01GE9Z" failures="0" tests="1" name="selenium.SeleniumWaits" time="7.375" errors="0" timestamp="2024-06-17T18:13:19 EDT" skipped="0">
  <testcase classname="selenium.SeleniumWaits" name="waits" time="7.375"/>
</testsuite> <!-- selenium.SeleniumWaits -->
