<?xml version="1.0" encoding="UTF-8"?>
<!-- Generated by org.testng.reporters.JUnitReportReporter -->
<testsuite hostname="IN-PG01GE9Z" failures="0" tests="1" name="selenium.SeleniumAutoSuggestions3" time="5.877" errors="0" timestamp="2024-05-25T20:28:06 EDT" skipped="0">
  <testcase classname="selenium.SeleniumAutoSuggestions3" name="browserLaunch" time="5.877"/>
</testsuite> <!-- selenium.SeleniumAutoSuggestions3 -->
