<?xml version="1.0" encoding="UTF-8"?>
<!-- Generated by org.testng.reporters.JUnitReportReporter -->
<testsuite hostname="IN-PG01GE9Z" failures="0" tests="1" name="selenium.SeleniumESCorJSE" time="6.311" errors="0" timestamp="2024-07-08T23:38:03 EDT" skipped="0">
  <testcase classname="selenium.SeleniumESCorJSE" name="alert" time="6.311"/>
</testsuite> <!-- selenium.SeleniumESCorJSE -->
